<?xml version="1.0" encoding="UTF-8"?>
<testng-results skipped="0" failed="1" total="4" passed="3">
  <reporter-output>
  </reporter-output>
  <suite name="Default suite" duration-ms="1356" started-at="2018-01-13T03:21:31Z" finished-at="2018-01-13T03:21:32Z">
    <groups>
    </groups>
    <test name="Default test" duration-ms="1356" started-at="2018-01-13T03:21:31Z" finished-at="2018-01-13T03:21:32Z">
      <class name="com.example.Formtest">
        <test-method status="PASS" signature="doGet(java.lang.String, java.lang.String, java.lang.String)[pri:0, instance:com.example.Formtest@24c67c0f]" name="doGet" duration-ms="687" started-at="2018-01-13T11:21:32Z" data-provider="feeder" finished-at="2018-01-13T11:21:32Z">
          <params>
            <param index="0">
              <value>
                <![CDATA[1]]>
              </value>
            </param>
            <param index="1">
              <value>
                <![CDATA[2]]>
              </value>
            </param>
            <param index="2">
              <value>
                <![CDATA[3]]>
              </value>
            </param>
          </params>
          <reporter-output>
          </reporter-output>
        </test-method> <!-- doGet -->
        <test-method status="FAIL" signature="doGet(java.lang.String, java.lang.String, java.lang.String)[pri:0, instance:com.example.Formtest@24c67c0f]" name="doGet" duration-ms="22" started-at="2018-01-13T11:21:32Z" data-provider="feeder" finished-at="2018-01-13T11:21:32Z">
          <params>
            <param index="0">
              <value>
                <![CDATA[2]]>
              </value>
            </param>
            <param index="1">
              <value>
                <![CDATA[3]]>
              </value>
            </param>
            <param index="2">
              <value>
                <![CDATA[4]]>
              </value>
            </param>
          </params>
          <exception class="junit.framework.ComparisonFailure">
            <message>
              <![CDATA[null expected:<[5]> but was:<[4]>]]>
            </message>
            <full-stacktrace>
              <![CDATA[junit.framework.ComparisonFailure: null expected:<[5]> but was:<[4]>
	at junit.framework.Assert.assertEquals(Assert.java:81)
	at junit.framework.Assert.assertEquals(Assert.java:87)
	at com.example.Formtest.doGet(Formtest.java:26)
	at sun.reflect.NativeMethodAccessorImpl.invoke0(Native Method)
	at sun.reflect.NativeMethodAccessorImpl.invoke(NativeMethodAccessorImpl.java:57)
	at sun.reflect.DelegatingMethodAccessorImpl.invoke(DelegatingMethodAccessorImpl.java:43)
	at java.lang.reflect.Method.invoke(Method.java:601)
	at org.testng.internal.MethodInvocationHelper.invokeMethod(MethodInvocationHelper.java:84)
	at org.testng.internal.Invoker.invokeMethod(Invoker.java:714)
	at org.testng.internal.Invoker.invokeTestMethod(Invoker.java:901)
	at org.testng.internal.Invoker.invokeTestMethods(Invoker.java:1231)
	at org.testng.internal.TestMethodWorker.invokeTestMethods(TestMethodWorker.java:127)
	at org.testng.internal.TestMethodWorker.run(TestMethodWorker.java:111)
	at org.testng.TestRunner.privateRun(TestRunner.java:767)
	at org.testng.TestRunner.run(TestRunner.java:617)
	at org.testng.SuiteRunner.runTest(SuiteRunner.java:348)
	at org.testng.SuiteRunner.runSequentially(SuiteRunner.java:343)
	at org.testng.SuiteRunner.privateRun(SuiteRunner.java:305)
	at org.testng.SuiteRunner.run(SuiteRunner.java:254)
	at org.testng.SuiteRunnerWorker.runSuite(SuiteRunnerWorker.java:52)
	at org.testng.SuiteRunnerWorker.run(SuiteRunnerWorker.java:86)
	at org.testng.TestNG.runSuitesSequentially(TestNG.java:1224)
	at org.testng.TestNG.runSuitesLocally(TestNG.java:1149)
	at org.testng.TestNG.run(TestNG.java:1057)
	at org.testng.remote.RemoteTestNG.run(RemoteTestNG.java:111)
	at org.testng.remote.RemoteTestNG.initAndRun(RemoteTestNG.java:204)
	at org.testng.remote.RemoteTestNG.main(RemoteTestNG.java:175)
]]>
            </full-stacktrace>
          </exception> <!-- junit.framework.ComparisonFailure -->
          <reporter-output>
          </reporter-output>
        </test-method> <!-- doGet -->
        <test-method status="PASS" signature="doGet(java.lang.String, java.lang.String, java.lang.String)[pri:0, instance:com.example.Formtest@24c67c0f]" name="doGet" duration-ms="26" started-at="2018-01-13T11:21:32Z" data-provider="feeder" finished-at="2018-01-13T11:21:32Z">
          <params>
            <param index="0">
              <value>
                <![CDATA[3]]>
              </value>
            </param>
            <param index="1">
              <value>
                <![CDATA[4]]>
              </value>
            </param>
            <param index="2">
              <value>
                <![CDATA[7]]>
              </value>
            </param>
          </params>
          <reporter-output>
          </reporter-output>
        </test-method> <!-- doGet -->
        <test-method status="PASS" signature="doGet(java.lang.String, java.lang.String, java.lang.String)[pri:0, instance:com.example.Formtest@24c67c0f]" name="doGet" duration-ms="11" started-at="2018-01-13T11:21:32Z" data-provider="feeder" finished-at="2018-01-13T11:21:32Z">
          <params>
            <param index="0">
              <value>
                <![CDATA[4]]>
              </value>
            </param>
            <param index="1">
              <value>
                <![CDATA[5]]>
              </value>
            </param>
            <param index="2">
              <value>
                <![CDATA[9]]>
              </value>
            </param>
          </params>
          <reporter-output>
          </reporter-output>
        </test-method> <!-- doGet -->
      </class> <!-- com.example.Formtest -->
    </test> <!-- Default test -->
  </suite> <!-- Default suite -->
</testng-results>
